20/06/2025 00:32:03 INFO  webDriverBasics.WebDriverbasics - WebDriverManager Initialize the ChromeDriver
20/06/2025 00:32:03 INFO  webDriverBasics.WebDriverbasics - WebDriverManager Initialize the ChromeDriver Successfully
20/06/2025 00:32:04 INFO  webDriverBasics.WebDriverbasics - WebDriverManager Navigated To: https://www.way2automation.com/
20/06/2025 00:32:04 INFO  webDriverBasics.WebDriverbasics - WebDriverManager Instance Quit
20/06/2025 00:36:00 INFO  webDriverBasics.WebDriverbasics - WebDriverManager Initialize the ChromeDriver
20/06/2025 00:36:01 INFO  webDriverBasics.WebDriverbasics - WebDriverManager Initialize the ChromeDriver Successfully
20/06/2025 00:36:03 INFO  webDriverBasics.WebDriverbasics - WebDriverManager Navigated To: https://www.way2automation.com/
20/06/2025 00:36:03 INFO  webDriverBasics.WebDriverbasics - WebDriverManager Instance Quit
20/06/2025 21:02:51 INFO  handlingElements.ChromeBrowser - WebDriver Initiated!!
20/06/2025 21:11:14 INFO  handlingElements.ChromeBrowser - WebDriver Initiated!!
20/06/2025 21:12:38 INFO  handlingElements.ChromeBrowser - WebDriver Initiated!!
20/06/2025 21:13:23 INFO  handlingElements.ChromeBrowser - WebDriver Initiated!!
20/06/2025 22:17:54 INFO  handlingElements.TestWebElement - WebDriver Initiated!!
20/06/2025 22:19:07 INFO  handlingElements.TestWebElement - WebDriver Initiated!!
20/06/2025 22:19:08 INFO  handlingElements.TestWebElement - EmailID enters: k.chavan24@gmail.com
20/06/2025 22:20:28 INFO  handlingElements.TestWebElement - WebDriver Initiated!!
20/06/2025 22:20:30 INFO  handlingElements.TestWebElement - EmailID enters: k.chavan24@gmail.com
20/06/2025 22:20:30 INFO  handlingElements.TestWebElement - WebDriver Closed!!
20/06/2025 22:31:51 INFO  maxMin.MaximizeBrowser - WebDriver Initiated!!
20/06/2025 22:31:53 INFO  maxMin.MaximizeBrowser - EmailID enters: k.chavan24@gmail.com
20/06/2025 22:31:53 INFO  maxMin.MaximizeBrowser - WebDriver Closed!!
20/06/2025 22:58:08 INFO  synchIssuesImplicitWait.ImpicitWait - WebDriver Started!!
20/06/2025 22:59:57 INFO  synchIssuesImplicitWait.ImpicitWait - WebDriver Started!!
20/06/2025 23:00:36 INFO  synchIssuesImplicitWait.ImpicitWait - WebDriver Started!!
20/06/2025 23:00:53 INFO  synchIssuesImplicitWait.ImpicitWait - WebDriver Started!!
20/06/2025 23:00:54 INFO  synchIssuesImplicitWait.ImpicitWait - Entered EmailId is: k.chavan24@gmail.com
20/06/2025 23:00:55 INFO  synchIssuesImplicitWait.ImpicitWait - Next button is clicked
20/06/2025 23:00:55 INFO  synchIssuesImplicitWait.ImpicitWait - WebDriver is Closed !!
20/06/2025 23:11:36 INFO  synchIssuesImplicitWait.ImpicitWait - WebDriver Started!!
20/06/2025 23:11:38 INFO  synchIssuesImplicitWait.ImpicitWait - Entered EmailId is: k.chavan24@gmail.com
20/06/2025 23:11:38 INFO  synchIssuesImplicitWait.ImpicitWait - Next button is clicked
20/06/2025 23:14:06 INFO  synchIssuesImplicitWait.ImpicitWait - WebDriver Started!!
20/06/2025 23:14:08 INFO  synchIssuesImplicitWait.ImpicitWait - Entered EmailId is: k.chavan24@gmail.com
20/06/2025 23:14:08 INFO  synchIssuesImplicitWait.ImpicitWait - Next button is clicked
21/06/2025 03:08:59 INFO  relativeLocator.TestRelativeLocators - WebDriver Started!!
21/06/2025 03:09:10 INFO  relativeLocator.TestRelativeLocators - WebDriver Started!!
21/06/2025 03:10:34 INFO  relativeLocator.TestRelativeLocators - WebDriver Started!!
21/06/2025 03:15:35 INFO  relativeLocator.TestRelativeLocators - WebDriver Started!!
21/06/2025 03:16:17 INFO  relativeLocator.TestRelativeLocators - WebDriver Started!!
21/06/2025 03:16:52 INFO  relativeLocator.TestRelativeLocators - WebDriver Started!!
21/06/2025 03:25:50 INFO  relativeLocator.TestRelativeLocators - WebDriver Started!!
21/06/2025 03:26:26 INFO  relativeLocator.TestRelativeLocators - WebDriver Started!!
21/06/2025 03:27:26 INFO  relativeLocator.TestRelativeLocators - WebDriver Started!!
21/06/2025 04:29:01 INFO  relativeLocator.TestRelativeLocators - WebDriver Started!!
21/06/2025 04:30:07 INFO  relativeLocator.TestRelativeLocators - WebDriver Started!!
21/06/2025 04:34:17 INFO  relativeLocator.TestRelativeLocators - WebDriver Started!!
21/06/2025 04:36:09 INFO  relativeLocator.TestRelativeLocators - WebDriver Started!!
21/06/2025 04:37:51 INFO  relativeLocator.TestRelativeLocators - WebDriver Started!!
21/06/2025 04:38:32 INFO  relativeLocator.TestRelativeLocators - WebDriver Started!!
21/06/2025 04:39:16 INFO  relativeLocator.TestRelativeLocators - WebDriver Started!!
21/06/2025 04:40:07 INFO  relativeLocator.TestRelativeLocators - WebDriver Started!!
21/06/2025 04:42:37 INFO  relativeLocator.TestRelativeLocators - WebDriver Started!!
21/06/2025 11:11:03 INFO  relativeLocator.ChainingRelativeLocator - WebDriver Started!!
21/06/2025 11:22:25 INFO  relativeLocator.ChainingRelativeLocator - WebDriver Started!!
21/06/2025 11:27:14 INFO  relativeLocator.ChainingRelativeLocator - WebDriver Started!!
21/06/2025 11:29:25 INFO  relativeLocator.ChainingRelativeLocator - WebDriver Started!!
21/06/2025 11:31:19 INFO  relativeLocator.ChainingRelativeLocator - WebDriver Started!!
21/06/2025 11:31:57 INFO  relativeLocator.ChainingRelativeLocator - WebDriver Started!!
21/06/2025 11:34:12 INFO  relativeLocator.ChainingRelativeLocator - WebDriver Started!!
21/06/2025 11:36:59 INFO  relativeLocator.ChainingRelativeLocator - WebDriver Started!!
21/06/2025 11:37:43 INFO  relativeLocator.ChainingRelativeLocator - WebDriver Started!!
21/06/2025 11:38:56 INFO  relativeLocator.ChainingRelativeLocator - WebDriver Started!!
21/06/2025 11:42:53 INFO  relativeLocator.ChainingRelativeLocator - WebDriver Started!!
21/06/2025 11:44:44 INFO  relativeLocator.ChainingRelativeLocator - WebDriver Started!!
21/06/2025 11:45:10 INFO  relativeLocator.ChainingRelativeLocator - WebDriver Started!!
21/06/2025 20:04:13 INFO  relativeLocator.RelativeLocatorScreenShot - Screnshoot Cpatured !!
21/06/2025 20:09:44 INFO  relativeLocator.RelativeLocatorScreenShot - Screnshoot Cpatured !!
21/06/2025 20:10:57 INFO  relativeLocator.RelativeLocatorScreenShot - Screnshoot Cpatured !!
21/06/2025 20:12:04 INFO  relativeLocator.RelativeLocatorScreenShot - Screnshoot Cpatured !!
